<?xml version="1.0" encoding="UTF-8"?>
<!-- Generated by org.testng.reporters.JUnitXMLReporter -->
<testsuite ignored="0" hostname="DESKTOP-2AI6GM9" failures="0" tests="7" name="Default test" time="80.087" errors="0" timestamp="2022-10-11T13:27:29 IST">
  <testcase classname="com.simplilearn.demo.FlipkartLogin" name="initialization_T0" time="1.758"/>
  <testcase classname="com.simplilearn.demo.FlipkartLogin" name="cross_T1" time="56.497"/>
  <testcase classname="com.simplilearn.demo.FlipkartLogin" name="TitleTest_T2" time="0.021"/>
  <testcase classname="com.simplilearn.demo.FlipkartLogin" name="MaxWindow_T3" time="0.143"/>
  <testcase classname="com.simplilearn.demo.FlipkartLogin" name="SendingQuerry_T4" time="0.137"/>
  <testcase classname="com.simplilearn.demo.FlipkartLogin" name="Search_T5" time="0.073"/>
  <testcase classname="com.simplilearn.demo.FlipkartLogin" name="Scroll_T6" time="0.319"/>
</testsuite> <!-- Default test -->
